<?xml version="1.0" encoding="UTF-8"?>
<coverage generated="1670290368184" clover="3.2.0">
  <project timestamp="1670290368184" name="All files">
    <metrics statements="138" coveredstatements="138" conditionals="24" coveredconditionals="24" methods="43" coveredmethods="43" elements="205" coveredelements="205" complexity="0" loc="138" ncloc="138" packages="1" files="5" classes="5"/>
    <file name="app.js" path="/Users/wvmitchell/Documents/Programming/fp-ideabox/src/js/app.js">
      <metrics statements="42" coveredstatements="42" conditionals="6" coveredconditionals="6" methods="17" coveredmethods="17"/>
      <line num="6" count="1" type="stmt"/>
      <line num="7" count="13" type="stmt"/>
      <line num="8" count="13" type="stmt"/>
      <line num="9" count="13" type="stmt"/>
      <line num="10" count="13" type="stmt"/>
      <line num="13" count="13" type="stmt"/>
      <line num="14" count="12" type="stmt"/>
      <line num="15" count="12" type="stmt"/>
      <line num="18" count="13" type="stmt"/>
      <line num="19" count="1" type="stmt"/>
      <line num="20" count="1" type="stmt"/>
      <line num="22" count="1" type="stmt"/>
      <line num="25" count="13" type="stmt"/>
      <line num="26" count="9" type="stmt"/>
      <line num="33" count="13" type="stmt"/>
      <line num="34" count="2" type="stmt"/>
      <line num="35" count="4" type="cond" truecount="2" falsecount="0"/>
      <line num="36" count="2" type="stmt"/>
      <line num="38" count="4" type="stmt"/>
      <line num="40" count="2" type="stmt"/>
      <line num="43" count="13" type="stmt"/>
      <line num="44" count="2" type="stmt"/>
      <line num="47" count="13" type="stmt"/>
      <line num="48" count="2" type="stmt"/>
      <line num="51" count="13" type="stmt"/>
      <line num="52" count="1" type="stmt"/>
      <line num="55" count="13" type="stmt"/>
      <line num="56" count="5" type="stmt"/>
      <line num="59" count="13" type="stmt"/>
      <line num="60" count="6" type="stmt"/>
      <line num="61" count="6" type="stmt"/>
      <line num="62" count="6" type="cond" truecount="2" falsecount="0"/>
      <line num="63" count="5" type="stmt"/>
      <line num="67" count="13" type="stmt"/>
      <line num="68" count="1" type="stmt"/>
      <line num="69" count="1" type="stmt"/>
      <line num="74" count="13" type="stmt"/>
      <line num="75" count="9" type="cond" truecount="2" falsecount="0"/>
      <line num="76" count="3" type="stmt"/>
      <line num="78" count="8" type="stmt"/>
      <line num="81" count="13" type="stmt"/>
      <line num="95" count="1" type="stmt"/>
    </file>
    <file name="draw.js" path="/Users/wvmitchell/Documents/Programming/fp-ideabox/src/js/draw.js">
      <metrics statements="60" coveredstatements="60" conditionals="3" coveredconditionals="3" methods="10" coveredmethods="10"/>
      <line num="1" count="2" type="stmt"/>
      <line num="2" count="2" type="stmt"/>
      <line num="5" count="1" type="stmt"/>
      <line num="6" count="1" type="stmt"/>
      <line num="9" count="1" type="stmt"/>
      <line num="10" count="10" type="stmt"/>
      <line num="11" count="10" type="stmt"/>
      <line num="13" count="10" type="stmt"/>
      <line num="14" count="10" type="stmt"/>
      <line num="15" count="10" type="stmt"/>
      <line num="17" count="10" type="stmt"/>
      <line num="18" count="10" type="stmt"/>
      <line num="21" count="1" type="cond" truecount="1" falsecount="0"/>
      <line num="22" count="2" type="stmt"/>
      <line num="25" count="1" type="stmt"/>
      <line num="26" count="5" type="stmt"/>
      <line num="27" count="5" type="stmt"/>
      <line num="29" count="5" type="stmt"/>
      <line num="30" count="5" type="stmt"/>
      <line num="32" count="5" type="stmt"/>
      <line num="33" count="5" type="stmt"/>
      <line num="34" count="5" type="stmt"/>
      <line num="35" count="5" type="stmt"/>
      <line num="37" count="5" type="stmt"/>
      <line num="39" count="5" type="stmt"/>
      <line num="42" count="1" type="stmt"/>
      <line num="43" count="1" type="stmt"/>
      <line num="47" count="1" type="stmt"/>
      <line num="48" count="10" type="stmt"/>
      <line num="49" count="10" type="stmt"/>
      <line num="51" count="10" type="stmt"/>
      <line num="52" count="10" type="cond" truecount="2" falsecount="0"/>
      <line num="53" count="10" type="stmt"/>
      <line num="54" count="10" type="stmt"/>
      <line num="55" count="10" type="stmt"/>
      <line num="57" count="10" type="stmt"/>
      <line num="58" count="10" type="stmt"/>
      <line num="59" count="10" type="stmt"/>
      <line num="60" count="10" type="stmt"/>
      <line num="62" count="10" type="stmt"/>
      <line num="64" count="10" type="stmt"/>
      <line num="67" count="1" type="stmt"/>
      <line num="68" count="10" type="stmt"/>
      <line num="69" count="10" type="stmt"/>
      <line num="71" count="10" type="stmt"/>
      <line num="72" count="10" type="stmt"/>
      <line num="74" count="10" type="stmt"/>
      <line num="75" count="10" type="stmt"/>
      <line num="77" count="10" type="stmt"/>
      <line num="78" count="10" type="stmt"/>
      <line num="81" count="1" type="stmt"/>
      <line num="82" count="10" type="stmt"/>
      <line num="83" count="10" type="stmt"/>
      <line num="85" count="10" type="stmt"/>
      <line num="86" count="10" type="stmt"/>
      <line num="88" count="10" type="stmt"/>
      <line num="89" count="10" type="stmt"/>
      <line num="91" count="10" type="stmt"/>
      <line num="92" count="10" type="stmt"/>
      <line num="95" count="1" type="stmt"/>
    </file>
    <file name="ideas.js" path="/Users/wvmitchell/Documents/Programming/fp-ideabox/src/js/ideas.js">
      <metrics statements="10" coveredstatements="10" conditionals="5" coveredconditionals="5" methods="6" coveredmethods="6"/>
      <line num="3" count="5" type="cond" truecount="1" falsecount="0"/>
      <line num="4" count="45" type="cond" truecount="2" falsecount="0"/>
      <line num="5" count="45" type="cond" truecount="2" falsecount="0"/>
      <line num="7" count="45" type="stmt"/>
      <line num="8" count="67" type="stmt"/>
      <line num="9" count="124" type="stmt"/>
      <line num="10" count="116" type="stmt"/>
      <line num="11" count="55" type="stmt"/>
      <line num="12" count="6" type="stmt"/>
      <line num="16" count="5" type="stmt"/>
    </file>
    <file name="search.js" path="/Users/wvmitchell/Documents/Programming/fp-ideabox/src/js/search.js">
      <metrics statements="17" coveredstatements="17" conditionals="8" coveredconditionals="8" methods="7" coveredmethods="7"/>
      <line num="1" count="18" type="cond" truecount="1" falsecount="0"/>
      <line num="2" count="18" type="stmt"/>
      <line num="3" count="40" type="stmt"/>
      <line num="4" count="40" type="stmt"/>
      <line num="5" count="40" type="stmt"/>
      <line num="6" count="40" type="cond" truecount="2" falsecount="0"/>
      <line num="10" count="13" type="cond" truecount="1" falsecount="0"/>
      <line num="11" count="13" type="stmt"/>
      <line num="12" count="27" type="stmt"/>
      <line num="13" count="27" type="stmt"/>
      <line num="14" count="27" type="stmt"/>
      <line num="15" count="13" type="stmt"/>
      <line num="16" count="13" type="cond" truecount="2" falsecount="0"/>
      <line num="19" count="27" type="cond" truecount="2" falsecount="0"/>
      <line num="20" count="19" type="stmt"/>
      <line num="22" count="8" type="stmt"/>
      <line num="26" count="2" type="stmt"/>
    </file>
    <file name="storage.js" path="/Users/wvmitchell/Documents/Programming/fp-ideabox/src/js/storage.js">
      <metrics statements="9" coveredstatements="9" conditionals="2" coveredconditionals="2" methods="3" coveredmethods="3"/>
      <line num="3" count="2" type="stmt"/>
      <line num="4" count="31" type="stmt"/>
      <line num="11" count="19" type="stmt"/>
      <line num="14" count="2" type="stmt"/>
      <line num="15" count="16" type="stmt"/>
      <line num="17" count="16" type="cond" truecount="2" falsecount="0"/>
      <line num="18" count="2" type="stmt"/>
      <line num="20" count="14" type="stmt"/>
      <line num="23" count="2" type="stmt"/>
    </file>
  </project>
</coverage>
