{"/Users/wvmitchell/Documents/Programming/fp-ideabox/src/js/app.js": {"path":"/Users/wvmitchell/Documents/Programming/fp-ideabox/src/js/app.js","statementMap":{"0":{"start":{"line":6,"column":17},"end":{"line":93,"column":1}},"1":{"start":{"line":7,"column":14},"end":{"line":7,"column":35}},"2":{"start":{"line":8,"column":21},"end":{"line":8,"column":26}},"3":{"start":{"line":9,"column":19},"end":{"line":9,"column":21}},"4":{"start":{"line":10,"column":20},"end":{"line":10,"column":22}},"5":{"start":{"line":13,"column":18},"end":{"line":16,"column":3}},"6":{"start":{"line":14,"column":4},"end":{"line":14,"column":50}},"7":{"start":{"line":15,"column":4},"end":{"line":15,"column":24}},"8":{"start":{"line":18,"column":21},"end":{"line":23,"column":3}},"9":{"start":{"line":19,"column":4},"end":{"line":21,"column":6}},"10":{"start":{"line":20,"column":6},"end":{"line":20,"column":31}},"11":{"start":{"line":22,"column":4},"end":{"line":22,"column":24}},"12":{"start":{"line":25,"column":19},"end":{"line":31,"column":3}},"13":{"start":{"line":26,"column":4},"end":{"line":30,"column":12}},"14":{"start":{"line":33,"column":24},"end":{"line":41,"column":3}},"15":{"start":{"line":34,"column":4},"end":{"line":39,"column":6}},"16":{"start":{"line":35,"column":6},"end":{"line":37,"column":7}},"17":{"start":{"line":36,"column":8},"end":{"line":36,"column":28}},"18":{"start":{"line":38,"column":6},"end":{"line":38,"column":17}},"19":{"start":{"line":40,"column":4},"end":{"line":40,"column":24}},"20":{"start":{"line":43,"column":25},"end":{"line":45,"column":3}},"21":{"start":{"line":44,"column":4},"end":{"line":44,"column":32}},"22":{"start":{"line":47,"column":26},"end":{"line":49,"column":3}},"23":{"start":{"line":48,"column":4},"end":{"line":48,"column":23}},"24":{"start":{"line":51,"column":20},"end":{"line":53,"column":3}},"25":{"start":{"line":52,"column":4},"end":{"line":52,"column":21}},"26":{"start":{"line":55,"column":25},"end":{"line":57,"column":3}},"27":{"start":{"line":56,"column":4},"end":{"line":56,"column":22}},"28":{"start":{"line":59,"column":24},"end":{"line":65,"column":3}},"29":{"start":{"line":60,"column":26},"end":{"line":60,"column":44}},"30":{"start":{"line":61,"column":23},"end":{"line":61,"column":62}},"31":{"start":{"line":62,"column":4},"end":{"line":64,"column":5}},"32":{"start":{"line":63,"column":6},"end":{"line":63,"column":51}},"33":{"start":{"line":67,"column":27},"end":{"line":71,"column":3}},"34":{"start":{"line":68,"column":4},"end":{"line":70,"column":6}},"35":{"start":{"line":69,"column":6},"end":{"line":69,"column":33}},"36":{"start":{"line":74,"column":23},"end":{"line":79,"column":3}},"37":{"start":{"line":74,"column":41},"end":{"line":79,"column":3}},"38":{"start":{"line":75,"column":4},"end":{"line":77,"column":5}},"39":{"start":{"line":76,"column":6},"end":{"line":76,"column":52}},"40":{"start":{"line":76,"column":34},"end":{"line":76,"column":51}},"41":{"start":{"line":78,"column":4},"end":{"line":78,"column":16}},"42":{"start":{"line":81,"column":2},"end":{"line":92,"column":3}},"43":{"start":{"line":95,"column":0},"end":{"line":95,"column":25}}},"fnMap":{"0":{"name":"(anonymous_0)","decl":{"start":{"line":6,"column":17},"end":{"line":6,"column":18}},"loc":{"start":{"line":6,"column":23},"end":{"line":93,"column":1}},"line":6},"1":{"name":"(anonymous_1)","decl":{"start":{"line":13,"column":18},"end":{"line":13,"column":19}},"loc":{"start":{"line":13,"column":35},"end":{"line":16,"column":3}},"line":13},"2":{"name":"(anonymous_2)","decl":{"start":{"line":18,"column":21},"end":{"line":18,"column":22}},"loc":{"start":{"line":18,"column":29},"end":{"line":23,"column":3}},"line":18},"3":{"name":"(anonymous_3)","decl":{"start":{"line":19,"column":25},"end":{"line":19,"column":26}},"loc":{"start":{"line":19,"column":33},"end":{"line":21,"column":5}},"line":19},"4":{"name":"(anonymous_4)","decl":{"start":{"line":25,"column":19},"end":{"line":25,"column":20}},"loc":{"start":{"line":25,"column":25},"end":{"line":31,"column":3}},"line":25},"5":{"name":"(anonymous_5)","decl":{"start":{"line":33,"column":24},"end":{"line":33,"column":25}},"loc":{"start":{"line":33,"column":32},"end":{"line":41,"column":3}},"line":33},"6":{"name":"(anonymous_6)","decl":{"start":{"line":34,"column":22},"end":{"line":34,"column":23}},"loc":{"start":{"line":34,"column":30},"end":{"line":39,"column":5}},"line":34},"7":{"name":"(anonymous_7)","decl":{"start":{"line":43,"column":25},"end":{"line":43,"column":26}},"loc":{"start":{"line":43,"column":31},"end":{"line":45,"column":3}},"line":43},"8":{"name":"(anonymous_8)","decl":{"start":{"line":47,"column":26},"end":{"line":47,"column":27}},"loc":{"start":{"line":47,"column":32},"end":{"line":49,"column":3}},"line":47},"9":{"name":"(anonymous_9)","decl":{"start":{"line":51,"column":20},"end":{"line":51,"column":21}},"loc":{"start":{"line":51,"column":30},"end":{"line":53,"column":3}},"line":51},"10":{"name":"(anonymous_10)","decl":{"start":{"line":55,"column":25},"end":{"line":55,"column":26}},"loc":{"start":{"line":55,"column":31},"end":{"line":57,"column":3}},"line":55},"11":{"name":"(anonymous_11)","decl":{"start":{"line":59,"column":24},"end":{"line":59,"column":25}},"loc":{"start":{"line":59,"column":34},"end":{"line":65,"column":3}},"line":59},"12":{"name":"(anonymous_12)","decl":{"start":{"line":67,"column":27},"end":{"line":67,"column":28}},"loc":{"start":{"line":67,"column":45},"end":{"line":71,"column":3}},"line":67},"13":{"name":"(anonymous_13)","decl":{"start":{"line":68,"column":37},"end":{"line":68,"column":38}},"loc":{"start":{"line":68,"column":45},"end":{"line":70,"column":5}},"line":68},"14":{"name":"(anonymous_14)","decl":{"start":{"line":74,"column":23},"end":{"line":74,"column":24}},"loc":{"start":{"line":74,"column":41},"end":{"line":79,"column":3}},"line":74},"15":{"name":"(anonymous_15)","decl":{"start":{"line":74,"column":41},"end":{"line":74,"column":42}},"loc":{"start":{"line":74,"column":52},"end":{"line":79,"column":3}},"line":74},"16":{"name":"(anonymous_16)","decl":{"start":{"line":76,"column":26},"end":{"line":76,"column":27}},"loc":{"start":{"line":76,"column":34},"end":{"line":76,"column":51}},"line":76}},"branchMap":{"0":{"loc":{"start":{"line":35,"column":6},"end":{"line":37,"column":7}},"type":"if","locations":[{"start":{"line":35,"column":6},"end":{"line":37,"column":7}},{"start":{},"end":{}}],"line":35},"1":{"loc":{"start":{"line":62,"column":4},"end":{"line":64,"column":5}},"type":"if","locations":[{"start":{"line":62,"column":4},"end":{"line":64,"column":5}},{"start":{},"end":{}}],"line":62},"2":{"loc":{"start":{"line":75,"column":4},"end":{"line":77,"column":5}},"type":"if","locations":[{"start":{"line":75,"column":4},"end":{"line":77,"column":5}},{"start":{},"end":{}}],"line":75}},"s":{"0":1,"1":13,"2":13,"3":13,"4":13,"5":13,"6":12,"7":12,"8":13,"9":1,"10":1,"11":1,"12":13,"13":9,"14":13,"15":2,"16":4,"17":2,"18":4,"19":2,"20":13,"21":2,"22":13,"23":2,"24":13,"25":1,"26":13,"27":5,"28":13,"29":6,"30":6,"31":6,"32":5,"33":13,"34":1,"35":1,"36":13,"37":9,"38":9,"39":1,"40":3,"41":8,"42":13,"43":1},"f":{"0":13,"1":12,"2":1,"3":1,"4":9,"5":2,"6":4,"7":2,"8":2,"9":1,"10":5,"11":6,"12":1,"13":1,"14":9,"15":9,"16":3},"b":{"0":[2,2],"1":[5,1],"2":[1,8]},"_coverageSchema":"1a1c01bbd47fc00a2c39e90264f33305004495a9","hash":"c9d8433d0981175624297dd1bf4a942edf9902ea"}
,"/Users/wvmitchell/Documents/Programming/fp-ideabox/src/js/draw.js": {"path":"/Users/wvmitchell/Documents/Programming/fp-ideabox/src/js/draw.js","statementMap":{"0":{"start":{"line":1,"column":13},"end":{"line":3,"column":1}},"1":{"start":{"line":1,"column":32},"end":{"line":3,"column":1}},"2":{"start":{"line":2,"column":2},"end":{"line":2,"column":43}},"3":{"start":{"line":5,"column":14},"end":{"line":7,"column":1}},"4":{"start":{"line":6,"column":2},"end":{"line":6,"column":24}},"5":{"start":{"line":9,"column":24},"end":{"line":19,"column":1}},"6":{"start":{"line":10,"column":18},"end":{"line":10,"column":47}},"7":{"start":{"line":11,"column":2},"end":{"line":11,"column":31}},"8":{"start":{"line":13,"column":17},"end":{"line":13,"column":33}},"9":{"start":{"line":14,"column":20},"end":{"line":14,"column":39}},"10":{"start":{"line":15,"column":17},"end":{"line":15,"column":33}},"11":{"start":{"line":17,"column":2},"end":{"line":17,"column":43}},"12":{"start":{"line":18,"column":2},"end":{"line":18,"column":16}},"13":{"start":{"line":21,"column":25},"end":{"line":23,"column":1}},"14":{"start":{"line":22,"column":2},"end":{"line":22,"column":35}},"15":{"start":{"line":25,"column":22},"end":{"line":40,"column":1}},"16":{"start":{"line":26,"column":14},"end":{"line":26,"column":43}},"17":{"start":{"line":27,"column":2},"end":{"line":27,"column":33}},"18":{"start":{"line":29,"column":15},"end":{"line":29,"column":42}},"19":{"start":{"line":30,"column":2},"end":{"line":30,"column":23}},"20":{"start":{"line":32,"column":14},"end":{"line":32,"column":43}},"21":{"start":{"line":33,"column":2},"end":{"line":33,"column":33}},"22":{"start":{"line":34,"column":2},"end":{"line":34,"column":44}},"23":{"start":{"line":35,"column":2},"end":{"line":35,"column":36}},"24":{"start":{"line":37,"column":2},"end":{"line":37,"column":23}},"25":{"start":{"line":39,"column":2},"end":{"line":39,"column":12}},"26":{"start":{"line":42,"column":23},"end":{"line":44,"column":1}},"27":{"start":{"line":43,"column":2},"end":{"line":43,"column":33}},"28":{"start":{"line":47,"column":19},"end":{"line":65,"column":1}},"29":{"start":{"line":48,"column":17},"end":{"line":48,"column":46}},"30":{"start":{"line":49,"column":2},"end":{"line":49,"column":37}},"31":{"start":{"line":51,"column":15},"end":{"line":51,"column":44}},"32":{"start":{"line":52,"column":18},"end":{"line":52,"column":67}},"33":{"start":{"line":53,"column":2},"end":{"line":53,"column":32}},"34":{"start":{"line":54,"column":2},"end":{"line":54,"column":43}},"35":{"start":{"line":55,"column":2},"end":{"line":55,"column":44}},"36":{"start":{"line":57,"column":20},"end":{"line":57,"column":49}},"37":{"start":{"line":58,"column":2},"end":{"line":58,"column":34}},"38":{"start":{"line":59,"column":2},"end":{"line":59,"column":46}},"39":{"start":{"line":60,"column":2},"end":{"line":60,"column":49}},"40":{"start":{"line":62,"column":2},"end":{"line":62,"column":32}},"41":{"start":{"line":64,"column":2},"end":{"line":64,"column":15}},"42":{"start":{"line":67,"column":22},"end":{"line":79,"column":1}},"43":{"start":{"line":68,"column":20},"end":{"line":68,"column":49}},"44":{"start":{"line":69,"column":2},"end":{"line":69,"column":38}},"45":{"start":{"line":71,"column":16},"end":{"line":71,"column":44}},"46":{"start":{"line":72,"column":2},"end":{"line":72,"column":35}},"47":{"start":{"line":74,"column":15},"end":{"line":74,"column":42}},"48":{"start":{"line":75,"column":2},"end":{"line":75,"column":33}},"49":{"start":{"line":77,"column":2},"end":{"line":77,"column":31}},"50":{"start":{"line":78,"column":2},"end":{"line":78,"column":18}},"51":{"start":{"line":81,"column":19},"end":{"line":93,"column":1}},"52":{"start":{"line":82,"column":17},"end":{"line":82,"column":46}},"53":{"start":{"line":83,"column":2},"end":{"line":83,"column":37}},"54":{"start":{"line":85,"column":21},"end":{"line":85,"column":50}},"55":{"start":{"line":86,"column":2},"end":{"line":86,"column":37}},"56":{"start":{"line":88,"column":21},"end":{"line":88,"column":48}},"57":{"start":{"line":89,"column":2},"end":{"line":89,"column":34}},"58":{"start":{"line":91,"column":2},"end":{"line":91,"column":39}},"59":{"start":{"line":92,"column":2},"end":{"line":92,"column":15}},"60":{"start":{"line":95,"column":0},"end":{"line":102,"column":1}}},"fnMap":{"0":{"name":"(anonymous_0)","decl":{"start":{"line":1,"column":13},"end":{"line":1,"column":14}},"loc":{"start":{"line":1,"column":32},"end":{"line":3,"column":1}},"line":1},"1":{"name":"(anonymous_1)","decl":{"start":{"line":1,"column":32},"end":{"line":1,"column":33}},"loc":{"start":{"line":1,"column":57},"end":{"line":3,"column":1}},"line":1},"2":{"name":"(anonymous_2)","decl":{"start":{"line":5,"column":14},"end":{"line":5,"column":15}},"loc":{"start":{"line":5,"column":27},"end":{"line":7,"column":1}},"line":5},"3":{"name":"(anonymous_3)","decl":{"start":{"line":9,"column":24},"end":{"line":9,"column":25}},"loc":{"start":{"line":9,"column":34},"end":{"line":19,"column":1}},"line":9},"4":{"name":"(anonymous_4)","decl":{"start":{"line":21,"column":25},"end":{"line":21,"column":26}},"loc":{"start":{"line":21,"column":41},"end":{"line":23,"column":1}},"line":21},"5":{"name":"(anonymous_5)","decl":{"start":{"line":25,"column":22},"end":{"line":25,"column":23}},"loc":{"start":{"line":25,"column":32},"end":{"line":40,"column":1}},"line":25},"6":{"name":"(anonymous_6)","decl":{"start":{"line":42,"column":23},"end":{"line":42,"column":24}},"loc":{"start":{"line":42,"column":34},"end":{"line":44,"column":1}},"line":42},"7":{"name":"(anonymous_7)","decl":{"start":{"line":47,"column":19},"end":{"line":47,"column":20}},"loc":{"start":{"line":47,"column":29},"end":{"line":65,"column":1}},"line":47},"8":{"name":"(anonymous_8)","decl":{"start":{"line":67,"column":22},"end":{"line":67,"column":23}},"loc":{"start":{"line":67,"column":32},"end":{"line":79,"column":1}},"line":67},"9":{"name":"(anonymous_9)","decl":{"start":{"line":81,"column":19},"end":{"line":81,"column":20}},"loc":{"start":{"line":81,"column":29},"end":{"line":93,"column":1}},"line":81}},"branchMap":{"0":{"loc":{"start":{"line":21,"column":26},"end":{"line":21,"column":36}},"type":"default-arg","locations":[{"start":{"line":21,"column":34},"end":{"line":21,"column":36}}],"line":21},"1":{"loc":{"start":{"line":52,"column":18},"end":{"line":52,"column":67}},"type":"cond-expr","locations":[{"start":{"line":52,"column":38},"end":{"line":52,"column":56}},{"start":{"line":52,"column":59},"end":{"line":52,"column":67}}],"line":52}},"s":{"0":1,"1":2,"2":2,"3":1,"4":1,"5":1,"6":10,"7":10,"8":10,"9":10,"10":10,"11":10,"12":10,"13":1,"14":2,"15":1,"16":5,"17":5,"18":5,"19":5,"20":5,"21":5,"22":5,"23":5,"24":5,"25":5,"26":1,"27":1,"28":1,"29":10,"30":10,"31":10,"32":10,"33":10,"34":10,"35":10,"36":10,"37":10,"38":10,"39":10,"40":10,"41":10,"42":1,"43":10,"44":10,"45":10,"46":10,"47":10,"48":10,"49":10,"50":10,"51":1,"52":10,"53":10,"54":10,"55":10,"56":10,"57":10,"58":10,"59":10,"60":1},"f":{"0":2,"1":2,"2":1,"3":10,"4":2,"5":5,"6":1,"7":10,"8":10,"9":10},"b":{"0":[1],"1":[3,7]},"_coverageSchema":"1a1c01bbd47fc00a2c39e90264f33305004495a9","hash":"ae6f250c9f9c4942bde5316f3c072bd5137eb984"}
,"/Users/wvmitchell/Documents/Programming/fp-ideabox/src/js/ideas.js": {"path":"/Users/wvmitchell/Documents/Programming/fp-ideabox/src/js/ideas.js","statementMap":{"0":{"start":{"line":3,"column":22},"end":{"line":14,"column":1}},"1":{"start":{"line":4,"column":11},"end":{"line":4,"column":37}},"2":{"start":{"line":5,"column":16},"end":{"line":5,"column":44}},"3":{"start":{"line":7,"column":2},"end":{"line":13,"column":3}},"4":{"start":{"line":8,"column":17},"end":{"line":8,"column":19}},"5":{"start":{"line":9,"column":20},"end":{"line":9,"column":37}},"6":{"start":{"line":10,"column":19},"end":{"line":10,"column":35}},"7":{"start":{"line":11,"column":22},"end":{"line":11,"column":29}},"8":{"start":{"line":12,"column":25},"end":{"line":12,"column":43}},"9":{"start":{"line":16,"column":0},"end":{"line":18,"column":1}}},"fnMap":{"0":{"name":"(anonymous_0)","decl":{"start":{"line":3,"column":22},"end":{"line":3,"column":23}},"loc":{"start":{"line":3,"column":42},"end":{"line":14,"column":1}},"line":3},"1":{"name":"(anonymous_1)","decl":{"start":{"line":8,"column":11},"end":{"line":8,"column":12}},"loc":{"start":{"line":8,"column":17},"end":{"line":8,"column":19}},"line":8},"2":{"name":"(anonymous_2)","decl":{"start":{"line":9,"column":14},"end":{"line":9,"column":15}},"loc":{"start":{"line":9,"column":20},"end":{"line":9,"column":37}},"line":9},"3":{"name":"(anonymous_3)","decl":{"start":{"line":10,"column":13},"end":{"line":10,"column":14}},"loc":{"start":{"line":10,"column":19},"end":{"line":10,"column":35}},"line":10},"4":{"name":"(anonymous_4)","decl":{"start":{"line":11,"column":16},"end":{"line":11,"column":17}},"loc":{"start":{"line":11,"column":22},"end":{"line":11,"column":29}},"line":11},"5":{"name":"(anonymous_5)","decl":{"start":{"line":12,"column":19},"end":{"line":12,"column":20}},"loc":{"start":{"line":12,"column":25},"end":{"line":12,"column":43}},"line":12}},"branchMap":{"0":{"loc":{"start":{"line":3,"column":23},"end":{"line":3,"column":37}},"type":"default-arg","locations":[{"start":{"line":3,"column":35},"end":{"line":3,"column":37}}],"line":3},"1":{"loc":{"start":{"line":4,"column":11},"end":{"line":4,"column":37}},"type":"binary-expr","locations":[{"start":{"line":4,"column":11},"end":{"line":4,"column":25}},{"start":{"line":4,"column":29},"end":{"line":4,"column":37}}],"line":4},"2":{"loc":{"start":{"line":5,"column":16},"end":{"line":5,"column":44}},"type":"binary-expr","locations":[{"start":{"line":5,"column":16},"end":{"line":5,"column":35}},{"start":{"line":5,"column":39},"end":{"line":5,"column":44}}],"line":5}},"s":{"0":5,"1":45,"2":45,"3":45,"4":67,"5":124,"6":116,"7":55,"8":6,"9":5},"f":{"0":45,"1":67,"2":124,"3":116,"4":55,"5":6},"b":{"0":[3],"1":[45,41],"2":[45,44]},"_coverageSchema":"1a1c01bbd47fc00a2c39e90264f33305004495a9","hash":"96517bc8aae2c571ed8af5697b524c410cfd4cb6"}
,"/Users/wvmitchell/Documents/Programming/fp-ideabox/src/js/search.js": {"path":"/Users/wvmitchell/Documents/Programming/fp-ideabox/src/js/search.js","statementMap":{"0":{"start":{"line":1,"column":21},"end":{"line":8,"column":1}},"1":{"start":{"line":1,"column":42},"end":{"line":8,"column":1}},"2":{"start":{"line":2,"column":2},"end":{"line":7,"column":4}},"3":{"start":{"line":3,"column":18},"end":{"line":3,"column":47}},"4":{"start":{"line":4,"column":17},"end":{"line":4,"column":45}},"5":{"start":{"line":5,"column":25},"end":{"line":5,"column":61}},"6":{"start":{"line":6,"column":4},"end":{"line":6,"column":64}},"7":{"start":{"line":10,"column":22},"end":{"line":24,"column":1}},"8":{"start":{"line":10,"column":44},"end":{"line":24,"column":1}},"9":{"start":{"line":11,"column":2},"end":{"line":23,"column":8}},"10":{"start":{"line":12,"column":18},"end":{"line":12,"column":47}},"11":{"start":{"line":13,"column":17},"end":{"line":13,"column":45}},"12":{"start":{"line":14,"column":28},"end":{"line":17,"column":6}},"13":{"start":{"line":15,"column":27},"end":{"line":15,"column":57}},"14":{"start":{"line":16,"column":6},"end":{"line":16,"column":66}},"15":{"start":{"line":19,"column":4},"end":{"line":21,"column":5}},"16":{"start":{"line":20,"column":6},"end":{"line":20,"column":34}},"17":{"start":{"line":22,"column":4},"end":{"line":22,"column":21}},"18":{"start":{"line":26,"column":0},"end":{"line":29,"column":1}}},"fnMap":{"0":{"name":"(anonymous_0)","decl":{"start":{"line":1,"column":21},"end":{"line":1,"column":22}},"loc":{"start":{"line":1,"column":42},"end":{"line":8,"column":1}},"line":1},"1":{"name":"(anonymous_1)","decl":{"start":{"line":1,"column":42},"end":{"line":1,"column":43}},"loc":{"start":{"line":1,"column":53},"end":{"line":8,"column":1}},"line":1},"2":{"name":"(anonymous_2)","decl":{"start":{"line":2,"column":22},"end":{"line":2,"column":23}},"loc":{"start":{"line":2,"column":30},"end":{"line":7,"column":3}},"line":2},"3":{"name":"(anonymous_3)","decl":{"start":{"line":10,"column":22},"end":{"line":10,"column":23}},"loc":{"start":{"line":10,"column":44},"end":{"line":24,"column":1}},"line":10},"4":{"name":"(anonymous_4)","decl":{"start":{"line":10,"column":44},"end":{"line":10,"column":45}},"loc":{"start":{"line":10,"column":55},"end":{"line":24,"column":1}},"line":10},"5":{"name":"(anonymous_5)","decl":{"start":{"line":11,"column":22},"end":{"line":11,"column":23}},"loc":{"start":{"line":11,"column":44},"end":{"line":23,"column":3}},"line":11},"6":{"name":"(anonymous_6)","decl":{"start":{"line":14,"column":46},"end":{"line":14,"column":47}},"loc":{"start":{"line":14,"column":54},"end":{"line":17,"column":5}},"line":14}},"branchMap":{"0":{"loc":{"start":{"line":1,"column":22},"end":{"line":1,"column":37}},"type":"default-arg","locations":[{"start":{"line":1,"column":35},"end":{"line":1,"column":37}}],"line":1},"1":{"loc":{"start":{"line":6,"column":11},"end":{"line":6,"column":64}},"type":"binary-expr","locations":[{"start":{"line":6,"column":11},"end":{"line":6,"column":36}},{"start":{"line":6,"column":40},"end":{"line":6,"column":64}}],"line":6},"2":{"loc":{"start":{"line":10,"column":23},"end":{"line":10,"column":39}},"type":"default-arg","locations":[{"start":{"line":10,"column":37},"end":{"line":10,"column":39}}],"line":10},"3":{"loc":{"start":{"line":16,"column":13},"end":{"line":16,"column":66}},"type":"binary-expr","locations":[{"start":{"line":16,"column":13},"end":{"line":16,"column":38}},{"start":{"line":16,"column":42},"end":{"line":16,"column":66}}],"line":16},"4":{"loc":{"start":{"line":19,"column":4},"end":{"line":21,"column":5}},"type":"if","locations":[{"start":{"line":19,"column":4},"end":{"line":21,"column":5}},{"start":{},"end":{}}],"line":19}},"s":{"0":2,"1":18,"2":18,"3":40,"4":40,"5":40,"6":40,"7":2,"8":13,"9":13,"10":27,"11":27,"12":27,"13":13,"14":13,"15":27,"16":19,"17":8,"18":2},"f":{"0":18,"1":18,"2":40,"3":13,"4":13,"5":27,"6":13},"b":{"0":[1],"1":[40,20],"2":[1],"3":[13,10],"4":[19,8]},"_coverageSchema":"1a1c01bbd47fc00a2c39e90264f33305004495a9","hash":"3f3b80c63f290882712b79c7363f348d1a4f97e9"}
,"/Users/wvmitchell/Documents/Programming/fp-ideabox/src/js/storage.js": {"path":"/Users/wvmitchell/Documents/Programming/fp-ideabox/src/js/storage.js","statementMap":{"0":{"start":{"line":3,"column":22},"end":{"line":12,"column":1}},"1":{"start":{"line":4,"column":19},"end":{"line":9,"column":5}},"2":{"start":{"line":4,"column":38},"end":{"line":9,"column":3}},"3":{"start":{"line":11,"column":2},"end":{"line":11,"column":57}},"4":{"start":{"line":14,"column":28},"end":{"line":21,"column":1}},"5":{"start":{"line":15,"column":19},"end":{"line":15,"column":60}},"6":{"start":{"line":17,"column":2},"end":{"line":19,"column":3}},"7":{"start":{"line":18,"column":4},"end":{"line":18,"column":38}},"8":{"start":{"line":20,"column":2},"end":{"line":20,"column":11}},"9":{"start":{"line":23,"column":0},"end":{"line":26,"column":1}}},"fnMap":{"0":{"name":"(anonymous_0)","decl":{"start":{"line":3,"column":22},"end":{"line":3,"column":23}},"loc":{"start":{"line":3,"column":33},"end":{"line":12,"column":1}},"line":3},"1":{"name":"(anonymous_1)","decl":{"start":{"line":4,"column":29},"end":{"line":4,"column":30}},"loc":{"start":{"line":4,"column":38},"end":{"line":9,"column":3}},"line":4},"2":{"name":"(anonymous_2)","decl":{"start":{"line":14,"column":28},"end":{"line":14,"column":29}},"loc":{"start":{"line":14,"column":34},"end":{"line":21,"column":1}},"line":14}},"branchMap":{"0":{"loc":{"start":{"line":17,"column":2},"end":{"line":19,"column":3}},"type":"if","locations":[{"start":{"line":17,"column":2},"end":{"line":19,"column":3}},{"start":{},"end":{}}],"line":17}},"s":{"0":2,"1":19,"2":31,"3":19,"4":2,"5":16,"6":16,"7":2,"8":14,"9":2},"f":{"0":19,"1":31,"2":16},"b":{"0":[2,14]},"_coverageSchema":"1a1c01bbd47fc00a2c39e90264f33305004495a9","hash":"d45609e677cafd27371b168e290651926efca665"}
}
