TN:
SF:src/js/app.js
FN:6,(anonymous_0)
FN:13,(anonymous_1)
FN:18,(anonymous_2)
FN:19,(anonymous_3)
FN:25,(anonymous_4)
FN:33,(anonymous_5)
FN:34,(anonymous_6)
FN:43,(anonymous_7)
FN:47,(anonymous_8)
FN:51,(anonymous_9)
FN:55,(anonymous_10)
FN:59,(anonymous_11)
FN:67,(anonymous_12)
FN:68,(anonymous_13)
FN:74,(anonymous_14)
FN:74,(anonymous_15)
FN:76,(anonymous_16)
FNF:17
FNH:17
FNDA:13,(anonymous_0)
FNDA:12,(anonymous_1)
FNDA:1,(anonymous_2)
FNDA:1,(anonymous_3)
FNDA:9,(anonymous_4)
FNDA:2,(anonymous_5)
FNDA:4,(anonymous_6)
FNDA:2,(anonymous_7)
FNDA:2,(anonymous_8)
FNDA:1,(anonymous_9)
FNDA:5,(anonymous_10)
FNDA:6,(anonymous_11)
FNDA:1,(anonymous_12)
FNDA:1,(anonymous_13)
FNDA:9,(anonymous_14)
FNDA:9,(anonymous_15)
FNDA:3,(anonymous_16)
DA:6,1
DA:7,13
DA:8,13
DA:9,13
DA:10,13
DA:13,13
DA:14,12
DA:15,12
DA:18,13
DA:19,1
DA:20,1
DA:22,1
DA:25,13
DA:26,9
DA:33,13
DA:34,2
DA:35,4
DA:36,2
DA:38,4
DA:40,2
DA:43,13
DA:44,2
DA:47,13
DA:48,2
DA:51,13
DA:52,1
DA:55,13
DA:56,5
DA:59,13
DA:60,6
DA:61,6
DA:62,6
DA:63,5
DA:67,13
DA:68,1
DA:69,1
DA:74,13
DA:75,9
DA:76,3
DA:78,8
DA:81,13
DA:95,1
LF:42
LH:42
BRDA:35,0,0,2
BRDA:35,0,1,2
BRDA:62,1,0,5
BRDA:62,1,1,1
BRDA:75,2,0,1
BRDA:75,2,1,8
BRF:6
BRH:6
end_of_record
TN:
SF:src/js/draw.js
FN:1,(anonymous_0)
FN:1,(anonymous_1)
FN:5,(anonymous_2)
FN:9,(anonymous_3)
FN:21,(anonymous_4)
FN:25,(anonymous_5)
FN:42,(anonymous_6)
FN:47,(anonymous_7)
FN:67,(anonymous_8)
FN:81,(anonymous_9)
FNF:10
FNH:10
FNDA:2,(anonymous_0)
FNDA:2,(anonymous_1)
FNDA:1,(anonymous_2)
FNDA:10,(anonymous_3)
FNDA:2,(anonymous_4)
FNDA:5,(anonymous_5)
FNDA:1,(anonymous_6)
FNDA:10,(anonymous_7)
FNDA:10,(anonymous_8)
FNDA:10,(anonymous_9)
DA:1,2
DA:2,2
DA:5,1
DA:6,1
DA:9,1
DA:10,10
DA:11,10
DA:13,10
DA:14,10
DA:15,10
DA:17,10
DA:18,10
DA:21,1
DA:22,2
DA:25,1
DA:26,5
DA:27,5
DA:29,5
DA:30,5
DA:32,5
DA:33,5
DA:34,5
DA:35,5
DA:37,5
DA:39,5
DA:42,1
DA:43,1
DA:47,1
DA:48,10
DA:49,10
DA:51,10
DA:52,10
DA:53,10
DA:54,10
DA:55,10
DA:57,10
DA:58,10
DA:59,10
DA:60,10
DA:62,10
DA:64,10
DA:67,1
DA:68,10
DA:69,10
DA:71,10
DA:72,10
DA:74,10
DA:75,10
DA:77,10
DA:78,10
DA:81,1
DA:82,10
DA:83,10
DA:85,10
DA:86,10
DA:88,10
DA:89,10
DA:91,10
DA:92,10
DA:95,1
LF:60
LH:60
BRDA:21,0,0,1
BRDA:52,1,0,3
BRDA:52,1,1,7
BRF:3
BRH:3
end_of_record
TN:
SF:src/js/ideas.js
FN:3,(anonymous_0)
FN:8,(anonymous_1)
FN:9,(anonymous_2)
FN:10,(anonymous_3)
FN:11,(anonymous_4)
FN:12,(anonymous_5)
FNF:6
FNH:6
FNDA:45,(anonymous_0)
FNDA:67,(anonymous_1)
FNDA:124,(anonymous_2)
FNDA:116,(anonymous_3)
FNDA:55,(anonymous_4)
FNDA:6,(anonymous_5)
DA:3,5
DA:4,45
DA:5,45
DA:7,45
DA:8,67
DA:9,124
DA:10,116
DA:11,55
DA:12,6
DA:16,5
LF:10
LH:10
BRDA:3,0,0,3
BRDA:4,1,0,45
BRDA:4,1,1,41
BRDA:5,2,0,45
BRDA:5,2,1,44
BRF:5
BRH:5
end_of_record
TN:
SF:src/js/search.js
FN:1,(anonymous_0)
FN:1,(anonymous_1)
FN:2,(anonymous_2)
FN:10,(anonymous_3)
FN:10,(anonymous_4)
FN:11,(anonymous_5)
FN:14,(anonymous_6)
FNF:7
FNH:7
FNDA:18,(anonymous_0)
FNDA:18,(anonymous_1)
FNDA:40,(anonymous_2)
FNDA:13,(anonymous_3)
FNDA:13,(anonymous_4)
FNDA:27,(anonymous_5)
FNDA:13,(anonymous_6)
DA:1,18
DA:2,18
DA:3,40
DA:4,40
DA:5,40
DA:6,40
DA:10,13
DA:11,13
DA:12,27
DA:13,27
DA:14,27
DA:15,13
DA:16,13
DA:19,27
DA:20,19
DA:22,8
DA:26,2
LF:17
LH:17
BRDA:1,0,0,1
BRDA:6,1,0,40
BRDA:6,1,1,20
BRDA:10,2,0,1
BRDA:16,3,0,13
BRDA:16,3,1,10
BRDA:19,4,0,19
BRDA:19,4,1,8
BRF:8
BRH:8
end_of_record
TN:
SF:src/js/storage.js
FN:3,(anonymous_0)
FN:4,(anonymous_1)
FN:14,(anonymous_2)
FNF:3
FNH:3
FNDA:19,(anonymous_0)
FNDA:31,(anonymous_1)
FNDA:16,(anonymous_2)
DA:3,2
DA:4,31
DA:11,19
DA:14,2
DA:15,16
DA:17,16
DA:18,2
DA:20,14
DA:23,2
LF:9
LH:9
BRDA:17,0,0,2
BRDA:17,0,1,14
BRF:2
BRH:2
end_of_record
